<?xml version="1.0" encoding="UTF-8"?>
<!-- Generated by org.testng.reporters.JUnitXMLReporter -->
<testsuite hostname="PRAJWAL-PC" ignored="4" name="Default test" tests="1" failures="0" timestamp="18 Jul 2021 10:49:55 GMT" time="9.342" errors="0">
  <testcase name="verifyCourseSymbol" time="0.111" classname="com.jbk.tests.DashboardPageTest"/>
  <testcase name="verifyCourseColour" time="0.0" classname="com.jbk.tests.DashboardPageTest">
    <ignored/>
  </testcase> <!-- verifyCourseColour -->
  <testcase name="verifyJBKCourses" time="0.0" classname="com.jbk.tests.DashboardPageTest">
    <ignored/>
  </testcase> <!-- verifyJBKCourses -->
  <testcase name="verifyDashboardPageTitle" time="0.0" classname="com.jbk.tests.DashboardPageTest">
    <ignored/>
  </testcase> <!-- verifyDashboardPageTitle -->
  <testcase name="verifyText" time="0.0" classname="com.jbk.tests.DashboardPageTest">
    <ignored/>
  </testcase> <!-- verifyText -->
</testsuite> <!-- Default test -->
